<?xml version="1.0" encoding="UTF-8"?>
<testsuite xmlns:xsi="http://www.w3.org/2001/XMLSchema-instance" xsi:noNamespaceSchemaLocation="https://maven.apache.org/surefire/maven-surefire-plugin/xsd/surefire-test-report-3.0.xsd" version="3.0" name="Solution8Test" time="0.038" tests="1" errors="0" skipped="0" failures="0">
  <properties>
    <property name="sun.desktop" value="windows"/>
    <property name="awt.toolkit" value="sun.awt.windows.WToolkit"/>
    <property name="java.specification.version" value="11"/>
    <property name="sun.cpu.isalist" value="amd64"/>
    <property name="sun.jnu.encoding" value="GBK"/>
    <property name="java.class.path" value="C:\Users\24957\Desktop\OpenLab-04\target\test-classes;C:\Users\24957\Desktop\OpenLab-04\target\classes;D:\apache-maven-3.9.0-bin\apache-maven-3.9.0\mvn-resp\junit\junit\4.13.1\junit-4.13.1.jar;D:\apache-maven-3.9.0-bin\apache-maven-3.9.0\mvn-resp\org\hamcrest\hamcrest-core\1.3\hamcrest-core-1.3.jar;"/>
    <property name="java.vm.vendor" value="Amazon.com Inc."/>
    <property name="sun.arch.data.model" value="64"/>
    <property name="user.variant" value=""/>
    <property name="java.vendor.url" value="https://aws.amazon.com/corretto/"/>
    <property name="user.timezone" value="Asia/Hong_Kong"/>
    <property name="java.vm.specification.version" value="11"/>
    <property name="os.name" value="Windows 10"/>
    <property name="sun.java.launcher" value="SUN_STANDARD"/>
    <property name="user.country" value="CN"/>
    <property name="sun.boot.library.path" value="C:\Users\24957\.jdks\corretto-11.0.21\bin"/>
    <property name="sun.java.command" value="C:\Users\24957\AppData\Local\Temp\surefire5342673870649081146\surefirebooter-20231204095650910_3.jar C:\Users\24957\AppData\Local\Temp\surefire5342673870649081146 2023-12-04T09-56-45_652-jvmRun1 surefire-20231204095650910_1tmp surefire_0-20231204095650910_2tmp"/>
    <property name="jdk.debug" value="release"/>
    <property name="surefire.test.class.path" value="C:\Users\24957\Desktop\OpenLab-04\target\test-classes;C:\Users\24957\Desktop\OpenLab-04\target\classes;D:\apache-maven-3.9.0-bin\apache-maven-3.9.0\mvn-resp\junit\junit\4.13.1\junit-4.13.1.jar;D:\apache-maven-3.9.0-bin\apache-maven-3.9.0\mvn-resp\org\hamcrest\hamcrest-core\1.3\hamcrest-core-1.3.jar;"/>
    <property name="sun.cpu.endian" value="little"/>
    <property name="user.home" value="C:\Users\24957"/>
    <property name="user.language" value="zh"/>
    <property name="java.specification.vendor" value="Oracle Corporation"/>
    <property name="java.version.date" value="2023-10-17"/>
    <property name="java.home" value="C:\Users\24957\.jdks\corretto-11.0.21"/>
    <property name="file.separator" value="\"/>
    <property name="basedir" value="C:\Users\24957\Desktop\OpenLab-04"/>
    <property name="java.vm.compressedOopsMode" value="Zero based"/>
    <property name="line.separator" value="&#10;"/>
    <property name="java.specification.name" value="Java Platform API Specification"/>
    <property name="java.vm.specification.vendor" value="Oracle Corporation"/>
    <property name="java.awt.graphicsenv" value="sun.awt.Win32GraphicsEnvironment"/>
    <property name="surefire.real.class.path" value="C:\Users\24957\AppData\Local\Temp\surefire5342673870649081146\surefirebooter-20231204095650910_3.jar"/>
    <property name="user.script" value=""/>
    <property name="sun.management.compiler" value="HotSpot 64-Bit Tiered Compilers"/>
    <property name="java.runtime.version" value="11.0.21+9-LTS"/>
    <property name="user.name" value="24957"/>
    <property name="path.separator" value=";"/>
    <property name="os.version" value="10.0"/>
    <property name="java.runtime.name" value="OpenJDK Runtime Environment"/>
    <property name="file.encoding" value="GBK"/>
    <property name="java.vm.name" value="OpenJDK 64-Bit Server VM"/>
    <property name="java.vendor.version" value="Corretto-11.0.21.9.1"/>
    <property name="localRepository" value="D:\apache-maven-3.9.0-bin\apache-maven-3.9.0\mvn-resp"/>
    <property name="java.vendor.url.bug" value="https://github.com/corretto/corretto-11/issues/"/>
    <property name="java.io.tmpdir" value="C:\Users\24957\AppData\Local\Temp\"/>
    <property name="idea.version" value="2022.3.2"/>
    <property name="java.version" value="11.0.21"/>
    <property name="user.dir" value="C:\Users\24957\Desktop\OpenLab-04"/>
    <property name="os.arch" value="amd64"/>
    <property name="java.vm.specification.name" value="Java Virtual Machine Specification"/>
    <property name="java.awt.printerjob" value="sun.awt.windows.WPrinterJob"/>
    <property name="sun.os.patch.level" value=""/>
    <property name="java.library.path" value="C:\Users\24957\.jdks\corretto-11.0.21\bin;C:\Windows\Sun\Java\bin;C:\Windows\system32;C:\Windows;D:\VMware虚拟机\bin\;C:\Program Files\Java\jdk1.8.0_333\bin;C:\Program Files\Common Files\Oracle\Java\javapath;C:\Windows\system32;C:\Windows;C:\Windows\System32\Wbem;C:\Windows\System32\WindowsPowerShell\v1.0\;C:\Windows\System32\OpenSSH\;C:\Program Files (x86)\NVIDIA Corporation\PhysX\Common;C:\Program Files\dotnet\;D:\mysql-5.7.40-winx64\bin;D:\sonar-scanner-cli-4.2.0.1873-windows\sonar-scanner-4.2.0.1873-windows\bin;C:\Users\24957\.gradle\wrapper\dists\gradle-6.7.1-bin\bwlcbys1h7rz3272sye1xwiv6\gradle-6.7.1\bin;C:\Users\24957\AppData\Local\Android\Sdk\platform-tools;D:\apache-maven-3.9.0-bin\apache-maven-3.9.0\bin;D:\Git\cmd;C:\ProgramData\chocolatey\bin;node_global;D:\NVM;D:\node js;C:\Program Files\TortoiseGit\bin;C:\Program Files\NVIDIA Corporation\NVIDIA NvDLISR;D:\node js\node_global;D:\aSoftWares\gradle\bin;C:\Users\24957\AppData\Local\Microsoft\WindowsApps;D:\Microsoft VS Code\bin;."/>
    <property name="java.vm.info" value="mixed mode"/>
    <property name="java.vendor" value="Amazon.com Inc."/>
    <property name="java.vm.version" value="11.0.21+9-LTS"/>
    <property name="java.specification.maintenance.version" value="2"/>
    <property name="sun.io.unicode.encoding" value="UnicodeLittle"/>
    <property name="java.class.version" value="55.0"/>
  </properties>
  <testcase name="numIslandsTest" classname="Solution8Test" time="0.003"/>
</testsuite>